<?xml version="1.0" encoding="UTF-8"?>
<testsuite xmlns:xsi="http://www.w3.org/2001/XMLSchema-instance" xsi:noNamespaceSchemaLocation="https://maven.apache.org/surefire/maven-surefire-plugin/xsd/surefire-test-report.xsd" name="com.mthree.blog.dao.BlogDAOImplTest" time="8.949" tests="4" errors="0" skipped="0" failures="0">
  <properties>
    <property name="java.specification.version" value="13"/>
    <property name="sun.cpu.isalist" value="amd64"/>
    <property name="sun.jnu.encoding" value="Cp1252"/>
    <property name="java.class.path" value="C:\Users\Gordak\Documents\Nick\Jobs\MThree\Training\Java-Bootcamp\BlogCapstone\BlogCapstone\target\test-classes;C:\Users\Gordak\Documents\Nick\Jobs\MThree\Training\Java-Bootcamp\BlogCapstone\BlogCapstone\target\classes;C:\Users\Gordak\.m2\repository\org\springframework\boot\spring-boot-starter-jdbc\2.1.0.RELEASE\spring-boot-starter-jdbc-2.1.0.RELEASE.jar;C:\Users\Gordak\.m2\repository\org\springframework\boot\spring-boot-starter\2.1.0.RELEASE\spring-boot-starter-2.1.0.RELEASE.jar;C:\Users\Gordak\.m2\repository\org\springframework\boot\spring-boot-starter-logging\2.1.0.RELEASE\spring-boot-starter-logging-2.1.0.RELEASE.jar;C:\Users\Gordak\.m2\repository\ch\qos\logback\logback-classic\1.2.3\logback-classic-1.2.3.jar;C:\Users\Gordak\.m2\repository\ch\qos\logback\logback-core\1.2.3\logback-core-1.2.3.jar;C:\Users\Gordak\.m2\repository\org\apache\logging\log4j\log4j-to-slf4j\2.11.1\log4j-to-slf4j-2.11.1.jar;C:\Users\Gordak\.m2\repository\org\apache\logging\log4j\log4j-api\2.11.1\log4j-api-2.11.1.jar;C:\Users\Gordak\.m2\repository\org\slf4j\jul-to-slf4j\1.7.25\jul-to-slf4j-1.7.25.jar;C:\Users\Gordak\.m2\repository\javax\annotation\javax.annotation-api\1.3.2\javax.annotation-api-1.3.2.jar;C:\Users\Gordak\.m2\repository\org\yaml\snakeyaml\1.23\snakeyaml-1.23.jar;C:\Users\Gordak\.m2\repository\com\zaxxer\HikariCP\3.2.0\HikariCP-3.2.0.jar;C:\Users\Gordak\.m2\repository\org\slf4j\slf4j-api\1.7.25\slf4j-api-1.7.25.jar;C:\Users\Gordak\.m2\repository\org\springframework\spring-jdbc\5.1.2.RELEASE\spring-jdbc-5.1.2.RELEASE.jar;C:\Users\Gordak\.m2\repository\org\springframework\spring-beans\5.1.2.RELEASE\spring-beans-5.1.2.RELEASE.jar;C:\Users\Gordak\.m2\repository\org\springframework\spring-tx\5.1.2.RELEASE\spring-tx-5.1.2.RELEASE.jar;C:\Users\Gordak\.m2\repository\mysql\mysql-connector-java\8.0.13\mysql-connector-java-8.0.13.jar;C:\Users\Gordak\.m2\repository\org\springframework\boot\spring-boot-starter-test\2.1.0.RELEASE\spring-boot-starter-test-2.1.0.RELEASE.jar;C:\Users\Gordak\.m2\repository\org\springframework\boot\spring-boot-test\2.1.0.RELEASE\spring-boot-test-2.1.0.RELEASE.jar;C:\Users\Gordak\.m2\repository\org\springframework\boot\spring-boot-test-autoconfigure\2.1.0.RELEASE\spring-boot-test-autoconfigure-2.1.0.RELEASE.jar;C:\Users\Gordak\.m2\repository\com\jayway\jsonpath\json-path\2.4.0\json-path-2.4.0.jar;C:\Users\Gordak\.m2\repository\net\minidev\json-smart\2.3\json-smart-2.3.jar;C:\Users\Gordak\.m2\repository\net\minidev\accessors-smart\1.2\accessors-smart-1.2.jar;C:\Users\Gordak\.m2\repository\org\ow2\asm\asm\5.0.4\asm-5.0.4.jar;C:\Users\Gordak\.m2\repository\junit\junit\4.12\junit-4.12.jar;C:\Users\Gordak\.m2\repository\org\assertj\assertj-core\3.11.1\assertj-core-3.11.1.jar;C:\Users\Gordak\.m2\repository\org\mockito\mockito-core\2.23.0\mockito-core-2.23.0.jar;C:\Users\Gordak\.m2\repository\net\bytebuddy\byte-buddy\1.9.3\byte-buddy-1.9.3.jar;C:\Users\Gordak\.m2\repository\net\bytebuddy\byte-buddy-agent\1.9.3\byte-buddy-agent-1.9.3.jar;C:\Users\Gordak\.m2\repository\org\objenesis\objenesis\2.6\objenesis-2.6.jar;C:\Users\Gordak\.m2\repository\org\hamcrest\hamcrest-core\1.3\hamcrest-core-1.3.jar;C:\Users\Gordak\.m2\repository\org\hamcrest\hamcrest-library\1.3\hamcrest-library-1.3.jar;C:\Users\Gordak\.m2\repository\org\skyscreamer\jsonassert\1.5.0\jsonassert-1.5.0.jar;C:\Users\Gordak\.m2\repository\com\vaadin\external\google\android-json\0.0.20131108.vaadin1\android-json-0.0.20131108.vaadin1.jar;C:\Users\Gordak\.m2\repository\org\springframework\spring-core\5.1.2.RELEASE\spring-core-5.1.2.RELEASE.jar;C:\Users\Gordak\.m2\repository\org\springframework\spring-jcl\5.1.2.RELEASE\spring-jcl-5.1.2.RELEASE.jar;C:\Users\Gordak\.m2\repository\org\springframework\spring-test\5.1.2.RELEASE\spring-test-5.1.2.RELEASE.jar;C:\Users\Gordak\.m2\repository\org\xmlunit\xmlunit-core\2.6.2\xmlunit-core-2.6.2.jar;C:\Users\Gordak\.m2\repository\javax\xml\bind\jaxb-api\2.3.1\jaxb-api-2.3.1.jar;C:\Users\Gordak\.m2\repository\javax\activation\javax.activation-api\1.2.0\javax.activation-api-1.2.0.jar;C:\Users\Gordak\.m2\repository\org\springframework\boot\spring-boot-starter-web\2.1.0.RELEASE\spring-boot-starter-web-2.1.0.RELEASE.jar;C:\Users\Gordak\.m2\repository\org\springframework\boot\spring-boot-starter-json\2.1.0.RELEASE\spring-boot-starter-json-2.1.0.RELEASE.jar;C:\Users\Gordak\.m2\repository\com\fasterxml\jackson\core\jackson-databind\2.9.7\jackson-databind-2.9.7.jar;C:\Users\Gordak\.m2\repository\com\fasterxml\jackson\core\jackson-annotations\2.9.0\jackson-annotations-2.9.0.jar;C:\Users\Gordak\.m2\repository\com\fasterxml\jackson\core\jackson-core\2.9.7\jackson-core-2.9.7.jar;C:\Users\Gordak\.m2\repository\com\fasterxml\jackson\datatype\jackson-datatype-jdk8\2.9.7\jackson-datatype-jdk8-2.9.7.jar;C:\Users\Gordak\.m2\repository\com\fasterxml\jackson\datatype\jackson-datatype-jsr310\2.9.7\jackson-datatype-jsr310-2.9.7.jar;C:\Users\Gordak\.m2\repository\com\fasterxml\jackson\module\jackson-module-parameter-names\2.9.7\jackson-module-parameter-names-2.9.7.jar;C:\Users\Gordak\.m2\repository\org\springframework\boot\spring-boot-starter-tomcat\2.1.0.RELEASE\spring-boot-starter-tomcat-2.1.0.RELEASE.jar;C:\Users\Gordak\.m2\repository\org\apache\tomcat\embed\tomcat-embed-core\9.0.12\tomcat-embed-core-9.0.12.jar;C:\Users\Gordak\.m2\repository\org\apache\tomcat\embed\tomcat-embed-el\9.0.12\tomcat-embed-el-9.0.12.jar;C:\Users\Gordak\.m2\repository\org\apache\tomcat\embed\tomcat-embed-websocket\9.0.12\tomcat-embed-websocket-9.0.12.jar;C:\Users\Gordak\.m2\repository\org\hibernate\validator\hibernate-validator\6.0.13.Final\hibernate-validator-6.0.13.Final.jar;C:\Users\Gordak\.m2\repository\javax\validation\validation-api\2.0.1.Final\validation-api-2.0.1.Final.jar;C:\Users\Gordak\.m2\repository\org\jboss\logging\jboss-logging\3.3.2.Final\jboss-logging-3.3.2.Final.jar;C:\Users\Gordak\.m2\repository\com\fasterxml\classmate\1.4.0\classmate-1.4.0.jar;C:\Users\Gordak\.m2\repository\org\springframework\spring-web\5.1.2.RELEASE\spring-web-5.1.2.RELEASE.jar;C:\Users\Gordak\.m2\repository\org\springframework\spring-webmvc\5.1.2.RELEASE\spring-webmvc-5.1.2.RELEASE.jar;C:\Users\Gordak\.m2\repository\org\springframework\spring-aop\5.1.2.RELEASE\spring-aop-5.1.2.RELEASE.jar;C:\Users\Gordak\.m2\repository\org\springframework\spring-context\5.1.2.RELEASE\spring-context-5.1.2.RELEASE.jar;C:\Users\Gordak\.m2\repository\org\springframework\spring-expression\5.1.2.RELEASE\spring-expression-5.1.2.RELEASE.jar;C:\Users\Gordak\.m2\repository\org\springframework\boot\spring-boot-devtools\2.1.0.RELEASE\spring-boot-devtools-2.1.0.RELEASE.jar;C:\Users\Gordak\.m2\repository\org\springframework\boot\spring-boot\2.1.0.RELEASE\spring-boot-2.1.0.RELEASE.jar;C:\Users\Gordak\.m2\repository\org\springframework\boot\spring-boot-autoconfigure\2.1.0.RELEASE\spring-boot-autoconfigure-2.1.0.RELEASE.jar;"/>
    <property name="java.vm.vendor" value="Oracle Corporation"/>
    <property name="sun.arch.data.model" value="64"/>
    <property name="user.variant" value=""/>
    <property name="java.vendor.url" value="https://java.oracle.com/"/>
    <property name="user.timezone" value="America/New_York"/>
    <property name="os.name" value="Windows 10"/>
    <property name="java.vm.specification.version" value="13"/>
    <property name="user.country" value="US"/>
    <property name="sun.java.launcher" value="SUN_STANDARD"/>
    <property name="sun.boot.library.path" value="C:\Program Files\Java\jdk-13.0.2\bin"/>
    <property name="sun.java.command" value="C:\Users\Gordak\AppData\Local\Temp\surefire9883120821419050652\surefirebooter7892938827299241298.jar C:\Users\Gordak\AppData\Local\Temp\surefire9883120821419050652 2021-12-09T12-40-34_135-jvmRun1 surefire7798644309121472448tmp surefire_04001615568893611796tmp"/>
    <property name="jdk.debug" value="release"/>
    <property name="test" value="com.mthree.blog.dao.BlogDAOImplTest"/>
    <property name="surefire.test.class.path" value="C:\Users\Gordak\Documents\Nick\Jobs\MThree\Training\Java-Bootcamp\BlogCapstone\BlogCapstone\target\test-classes;C:\Users\Gordak\Documents\Nick\Jobs\MThree\Training\Java-Bootcamp\BlogCapstone\BlogCapstone\target\classes;C:\Users\Gordak\.m2\repository\org\springframework\boot\spring-boot-starter-jdbc\2.1.0.RELEASE\spring-boot-starter-jdbc-2.1.0.RELEASE.jar;C:\Users\Gordak\.m2\repository\org\springframework\boot\spring-boot-starter\2.1.0.RELEASE\spring-boot-starter-2.1.0.RELEASE.jar;C:\Users\Gordak\.m2\repository\org\springframework\boot\spring-boot-starter-logging\2.1.0.RELEASE\spring-boot-starter-logging-2.1.0.RELEASE.jar;C:\Users\Gordak\.m2\repository\ch\qos\logback\logback-classic\1.2.3\logback-classic-1.2.3.jar;C:\Users\Gordak\.m2\repository\ch\qos\logback\logback-core\1.2.3\logback-core-1.2.3.jar;C:\Users\Gordak\.m2\repository\org\apache\logging\log4j\log4j-to-slf4j\2.11.1\log4j-to-slf4j-2.11.1.jar;C:\Users\Gordak\.m2\repository\org\apache\logging\log4j\log4j-api\2.11.1\log4j-api-2.11.1.jar;C:\Users\Gordak\.m2\repository\org\slf4j\jul-to-slf4j\1.7.25\jul-to-slf4j-1.7.25.jar;C:\Users\Gordak\.m2\repository\javax\annotation\javax.annotation-api\1.3.2\javax.annotation-api-1.3.2.jar;C:\Users\Gordak\.m2\repository\org\yaml\snakeyaml\1.23\snakeyaml-1.23.jar;C:\Users\Gordak\.m2\repository\com\zaxxer\HikariCP\3.2.0\HikariCP-3.2.0.jar;C:\Users\Gordak\.m2\repository\org\slf4j\slf4j-api\1.7.25\slf4j-api-1.7.25.jar;C:\Users\Gordak\.m2\repository\org\springframework\spring-jdbc\5.1.2.RELEASE\spring-jdbc-5.1.2.RELEASE.jar;C:\Users\Gordak\.m2\repository\org\springframework\spring-beans\5.1.2.RELEASE\spring-beans-5.1.2.RELEASE.jar;C:\Users\Gordak\.m2\repository\org\springframework\spring-tx\5.1.2.RELEASE\spring-tx-5.1.2.RELEASE.jar;C:\Users\Gordak\.m2\repository\mysql\mysql-connector-java\8.0.13\mysql-connector-java-8.0.13.jar;C:\Users\Gordak\.m2\repository\org\springframework\boot\spring-boot-starter-test\2.1.0.RELEASE\spring-boot-starter-test-2.1.0.RELEASE.jar;C:\Users\Gordak\.m2\repository\org\springframework\boot\spring-boot-test\2.1.0.RELEASE\spring-boot-test-2.1.0.RELEASE.jar;C:\Users\Gordak\.m2\repository\org\springframework\boot\spring-boot-test-autoconfigure\2.1.0.RELEASE\spring-boot-test-autoconfigure-2.1.0.RELEASE.jar;C:\Users\Gordak\.m2\repository\com\jayway\jsonpath\json-path\2.4.0\json-path-2.4.0.jar;C:\Users\Gordak\.m2\repository\net\minidev\json-smart\2.3\json-smart-2.3.jar;C:\Users\Gordak\.m2\repository\net\minidev\accessors-smart\1.2\accessors-smart-1.2.jar;C:\Users\Gordak\.m2\repository\org\ow2\asm\asm\5.0.4\asm-5.0.4.jar;C:\Users\Gordak\.m2\repository\junit\junit\4.12\junit-4.12.jar;C:\Users\Gordak\.m2\repository\org\assertj\assertj-core\3.11.1\assertj-core-3.11.1.jar;C:\Users\Gordak\.m2\repository\org\mockito\mockito-core\2.23.0\mockito-core-2.23.0.jar;C:\Users\Gordak\.m2\repository\net\bytebuddy\byte-buddy\1.9.3\byte-buddy-1.9.3.jar;C:\Users\Gordak\.m2\repository\net\bytebuddy\byte-buddy-agent\1.9.3\byte-buddy-agent-1.9.3.jar;C:\Users\Gordak\.m2\repository\org\objenesis\objenesis\2.6\objenesis-2.6.jar;C:\Users\Gordak\.m2\repository\org\hamcrest\hamcrest-core\1.3\hamcrest-core-1.3.jar;C:\Users\Gordak\.m2\repository\org\hamcrest\hamcrest-library\1.3\hamcrest-library-1.3.jar;C:\Users\Gordak\.m2\repository\org\skyscreamer\jsonassert\1.5.0\jsonassert-1.5.0.jar;C:\Users\Gordak\.m2\repository\com\vaadin\external\google\android-json\0.0.20131108.vaadin1\android-json-0.0.20131108.vaadin1.jar;C:\Users\Gordak\.m2\repository\org\springframework\spring-core\5.1.2.RELEASE\spring-core-5.1.2.RELEASE.jar;C:\Users\Gordak\.m2\repository\org\springframework\spring-jcl\5.1.2.RELEASE\spring-jcl-5.1.2.RELEASE.jar;C:\Users\Gordak\.m2\repository\org\springframework\spring-test\5.1.2.RELEASE\spring-test-5.1.2.RELEASE.jar;C:\Users\Gordak\.m2\repository\org\xmlunit\xmlunit-core\2.6.2\xmlunit-core-2.6.2.jar;C:\Users\Gordak\.m2\repository\javax\xml\bind\jaxb-api\2.3.1\jaxb-api-2.3.1.jar;C:\Users\Gordak\.m2\repository\javax\activation\javax.activation-api\1.2.0\javax.activation-api-1.2.0.jar;C:\Users\Gordak\.m2\repository\org\springframework\boot\spring-boot-starter-web\2.1.0.RELEASE\spring-boot-starter-web-2.1.0.RELEASE.jar;C:\Users\Gordak\.m2\repository\org\springframework\boot\spring-boot-starter-json\2.1.0.RELEASE\spring-boot-starter-json-2.1.0.RELEASE.jar;C:\Users\Gordak\.m2\repository\com\fasterxml\jackson\core\jackson-databind\2.9.7\jackson-databind-2.9.7.jar;C:\Users\Gordak\.m2\repository\com\fasterxml\jackson\core\jackson-annotations\2.9.0\jackson-annotations-2.9.0.jar;C:\Users\Gordak\.m2\repository\com\fasterxml\jackson\core\jackson-core\2.9.7\jackson-core-2.9.7.jar;C:\Users\Gordak\.m2\repository\com\fasterxml\jackson\datatype\jackson-datatype-jdk8\2.9.7\jackson-datatype-jdk8-2.9.7.jar;C:\Users\Gordak\.m2\repository\com\fasterxml\jackson\datatype\jackson-datatype-jsr310\2.9.7\jackson-datatype-jsr310-2.9.7.jar;C:\Users\Gordak\.m2\repository\com\fasterxml\jackson\module\jackson-module-parameter-names\2.9.7\jackson-module-parameter-names-2.9.7.jar;C:\Users\Gordak\.m2\repository\org\springframework\boot\spring-boot-starter-tomcat\2.1.0.RELEASE\spring-boot-starter-tomcat-2.1.0.RELEASE.jar;C:\Users\Gordak\.m2\repository\org\apache\tomcat\embed\tomcat-embed-core\9.0.12\tomcat-embed-core-9.0.12.jar;C:\Users\Gordak\.m2\repository\org\apache\tomcat\embed\tomcat-embed-el\9.0.12\tomcat-embed-el-9.0.12.jar;C:\Users\Gordak\.m2\repository\org\apache\tomcat\embed\tomcat-embed-websocket\9.0.12\tomcat-embed-websocket-9.0.12.jar;C:\Users\Gordak\.m2\repository\org\hibernate\validator\hibernate-validator\6.0.13.Final\hibernate-validator-6.0.13.Final.jar;C:\Users\Gordak\.m2\repository\javax\validation\validation-api\2.0.1.Final\validation-api-2.0.1.Final.jar;C:\Users\Gordak\.m2\repository\org\jboss\logging\jboss-logging\3.3.2.Final\jboss-logging-3.3.2.Final.jar;C:\Users\Gordak\.m2\repository\com\fasterxml\classmate\1.4.0\classmate-1.4.0.jar;C:\Users\Gordak\.m2\repository\org\springframework\spring-web\5.1.2.RELEASE\spring-web-5.1.2.RELEASE.jar;C:\Users\Gordak\.m2\repository\org\springframework\spring-webmvc\5.1.2.RELEASE\spring-webmvc-5.1.2.RELEASE.jar;C:\Users\Gordak\.m2\repository\org\springframework\spring-aop\5.1.2.RELEASE\spring-aop-5.1.2.RELEASE.jar;C:\Users\Gordak\.m2\repository\org\springframework\spring-context\5.1.2.RELEASE\spring-context-5.1.2.RELEASE.jar;C:\Users\Gordak\.m2\repository\org\springframework\spring-expression\5.1.2.RELEASE\spring-expression-5.1.2.RELEASE.jar;C:\Users\Gordak\.m2\repository\org\springframework\boot\spring-boot-devtools\2.1.0.RELEASE\spring-boot-devtools-2.1.0.RELEASE.jar;C:\Users\Gordak\.m2\repository\org\springframework\boot\spring-boot\2.1.0.RELEASE\spring-boot-2.1.0.RELEASE.jar;C:\Users\Gordak\.m2\repository\org\springframework\boot\spring-boot-autoconfigure\2.1.0.RELEASE\spring-boot-autoconfigure-2.1.0.RELEASE.jar;"/>
    <property name="sun.cpu.endian" value="little"/>
    <property name="user.home" value="C:\Users\Gordak"/>
    <property name="user.language" value="en"/>
    <property name="java.specification.vendor" value="Oracle Corporation"/>
    <property name="java.version.date" value="2020-01-14"/>
    <property name="java.home" value="C:\Program Files\Java\jdk-13.0.2"/>
    <property name="file.separator" value="\"/>
    <property name="basedir" value="C:\Users\Gordak\Documents\Nick\Jobs\MThree\Training\Java-Bootcamp\BlogCapstone\BlogCapstone"/>
    <property name="java.vm.compressedOopsMode" value="Zero based"/>
    <property name="line.separator" value="&#10;"/>
    <property name="java.vm.specification.vendor" value="Oracle Corporation"/>
    <property name="java.specification.name" value="Java Platform API Specification"/>
    <property name="surefire.real.class.path" value="C:\Users\Gordak\AppData\Local\Temp\surefire9883120821419050652\surefirebooter7892938827299241298.jar"/>
    <property name="user.script" value=""/>
    <property name="sun.management.compiler" value="HotSpot 64-Bit Tiered Compilers"/>
    <property name="java.runtime.version" value="13.0.2+8"/>
    <property name="user.name" value="Gordak"/>
    <property name="path.separator" value=";"/>
    <property name="os.version" value="10.0"/>
    <property name="java.runtime.name" value="Java(TM) SE Runtime Environment"/>
    <property name="file.encoding" value="UTF-8"/>
    <property name="java.vm.name" value="Java HotSpot(TM) 64-Bit Server VM"/>
    <property name="maven.ext.class.path" value="C:\Program Files\NetBeans-12.0\netbeans\java\maven-nblib\netbeans-eventspy.jar"/>
    <property name="localRepository" value="C:\Users\Gordak\.m2\repository"/>
    <property name="java.vendor.url.bug" value="https://bugreport.java.com/bugreport/"/>
    <property name="java.io.tmpdir" value="C:\Users\Gordak\AppData\Local\Temp\"/>
    <property name="java.version" value="13.0.2"/>
    <property name="user.dir" value="C:\Users\Gordak\Documents\Nick\Jobs\MThree\Training\Java-Bootcamp\BlogCapstone\BlogCapstone"/>
    <property name="os.arch" value="amd64"/>
    <property name="java.vm.specification.name" value="Java Virtual Machine Specification"/>
    <property name="sun.os.patch.level" value=""/>
    <property name="java.library.path" value="C:\Program Files\Java\jdk-13.0.2\bin;C:\WINDOWS\Sun\Java\bin;C:\WINDOWS\system32;C:\WINDOWS;C:\Program Files (x86)\Eclipse Foundation\jdk-11.0.12.7-hotspot\bin;C:\Program Files\Haskell\bin;C:\Program Files\Haskell Platform\8.6.5\lib\extralibs\bin;C:\Program Files\Haskell Platform\8.6.5\bin;C:\Program Files (x86)\Intel\iCLS Client\;C:\Program Files\Intel\iCLS Client\;C:\WINDOWS\system32;C:\WINDOWS;C:\WINDOWS\System32\Wbem;C:\WINDOWS\System32\WindowsPowerShell\v1.0\;C:\Program Files (x86)\Intel\Intel(R) Management Engine Components\DAL;C:\Program Files\Intel\Intel(R) Management Engine Components\DAL;C:\Program Files (x86)\Intel\Intel(R) Management Engine Components\IPT;C:\Program Files\Intel\Intel(R) Management Engine Components\IPT;C:\WINDOWS\System32\OpenSSH\;C:\Program Files\PuTTY\;C:\Program Files\Git\cmd;C:\Program Files\erl10.3\bin;C:\Program Files (x86)\Elixir\bin;C:\WINDOWS\system32\config\systemprofile\.mix\escripts;C:\Program Files\Haskell Platform\8.6.5\mingw\bin;C:\Program Files\Mullvad VPN\resources;C:\Program Files\dotnet\;C:\Program Files\Microsoft SQL Server\130\Tools\Binn\;C:\Program Files\Microsoft SQL Server\Client SDK\ODBC\170\Tools\Binn\;C:\Program Files\nodejs\;C:\Program Files\MySQL\MySQL Shell 8.0\bin\;C:\Users\Gordak\anaconda3;C:\Users\Gordak\anaconda3\Library\mingw-w64\bin;C:\Users\Gordak\anaconda3\Library\usr\bin;C:\Users\Gordak\anaconda3\Library\bin;C:\Users\Gordak\anaconda3\Scripts;C:\Users\Gordak\.cargo\bin;C:\Users\Gordak\AppData\Roaming\cabal\bin;C:\Users\Gordak\AppData\Roaming\local\bin;C:\Users\Gordak\AppData\Local\Programs\Python\Python37\Scripts\;C:\Users\Gordak\AppData\Local\Programs\Python\Python37\;C:\Users\Gordak\AppData\Local\Microsoft\WindowsApps;C:\MinGW\bin;C:\Users\Gordak\AppData\Local\Programs\Microsoft VS Code\bin;C:\Users\Gordak\AppData\Local\hyper\app-3.0.2\resources\bin;C:\Users\Gordak\.dotnet\tools;C:\Users\Gordak\AppData\Local\GitHubDesktop\bin;C:\Users\Gordak\AppData\Roaming\npm;."/>
    <property name="java.vm.info" value="mixed mode, sharing"/>
    <property name="java.vendor" value="Oracle Corporation"/>
    <property name="java.vm.version" value="13.0.2+8"/>
    <property name="sun.io.unicode.encoding" value="UnicodeLittle"/>
    <property name="java.class.version" value="57.0"/>
  </properties>
  <testcase name="testGetPostById" classname="com.mthree.blog.dao.BlogDAOImplTest" time="1.153"/>
  <testcase name="testAddPost" classname="com.mthree.blog.dao.BlogDAOImplTest" time="0.018"/>
  <testcase name="testGetAllCategories" classname="com.mthree.blog.dao.BlogDAOImplTest" time="0.007"/>
  <testcase name="testGetAllPosts" classname="com.mthree.blog.dao.BlogDAOImplTest" time="0.004"/>
</testsuite>